<?xml version="1.0" encoding="UTF-8"?>
<coverage generated="1643365445700" clover="3.2.0">
  <project timestamp="1643365445700" name="All files">
    <metrics statements="30" coveredstatements="26" conditionals="6" coveredconditionals="3" methods="10" coveredmethods="8" elements="46" coveredelements="37" complexity="0" loc="30" ncloc="30" packages="3" files="7" classes="7"/>
    <package name="ReactNativeTesting">
      <metrics statements="6" coveredstatements="6" conditionals="2" coveredconditionals="1" methods="1" coveredmethods="1"/>
      <file name="formatAddress.js" path="/Users/asimos/Desktop/Projects/ReactNativeTesting/formatAddress.js">
        <metrics statements="6" coveredstatements="6" conditionals="2" coveredconditionals="1" methods="1" coveredmethods="1"/>
        <line num="2" count="1" type="stmt"/>
        <line num="4" count="1" type="stmt"/>
        <line num="5" count="1" type="cond" truecount="1" falsecount="1"/>
        <line num="6" count="1" type="stmt"/>
        <line num="8" count="1" type="stmt"/>
        <line num="10" count="1" type="stmt"/>
      </file>
    </package>
    <package name="ReactNativeTesting.src">
      <metrics statements="16" coveredstatements="15" conditionals="2" coveredconditionals="1" methods="8" coveredmethods="7"/>
      <file name="Hello.js" path="/Users/asimos/Desktop/Projects/ReactNativeTesting/src/Hello.js">
        <metrics statements="1" coveredstatements="1" conditionals="0" coveredconditionals="0" methods="1" coveredmethods="1"/>
        <line num="4" count="1" type="stmt"/>
      </file>
      <file name="NewMessageForm.js" path="/Users/asimos/Desktop/Projects/ReactNativeTesting/src/NewMessageForm.js">
        <metrics statements="7" coveredstatements="7" conditionals="2" coveredconditionals="1" methods="2" coveredmethods="2"/>
        <line num="4" count="1" type="stmt"/>
        <line num="5" count="6" type="stmt"/>
        <line num="7" count="6" type="stmt"/>
        <line num="8" count="2" type="cond" truecount="1" falsecount="1"/>
        <line num="9" count="2" type="stmt"/>
        <line num="11" count="2" type="stmt"/>
        <line num="14" count="6" type="stmt"/>
      </file>
      <file name="PostsContainer.js" path="/Users/asimos/Desktop/Projects/ReactNativeTesting/src/PostsContainer.js">
        <metrics statements="8" coveredstatements="7" conditionals="0" coveredconditionals="0" methods="5" coveredmethods="4"/>
        <line num="5" count="1" type="stmt"/>
        <line num="6" count="2" type="stmt"/>
        <line num="8" count="2" type="stmt"/>
        <line num="9" count="1" type="stmt"/>
        <line num="12" count="1" type="stmt"/>
        <line num="14" count="0" type="stmt"/>
        <line num="17" count="2" type="stmt"/>
        <line num="20" count="1" type="stmt"/>
      </file>
    </package>
    <package name="ReactNativeTesting.src.api">
      <metrics statements="8" coveredstatements="5" conditionals="2" coveredconditionals="1" methods="1" coveredmethods="0"/>
      <file name="fake.js" path="/Users/asimos/Desktop/Projects/ReactNativeTesting/src/api/fake.js">
        <metrics statements="2" coveredstatements="1" conditionals="0" coveredconditionals="0" methods="1" coveredmethods="0"/>
        <line num="1" count="1" type="stmt"/>
        <line num="3" count="0" type="stmt"/>
      </file>
      <file name="index.js" path="/Users/asimos/Desktop/Projects/ReactNativeTesting/src/api/index.js">
        <metrics statements="6" coveredstatements="4" conditionals="2" coveredconditionals="1" methods="0" coveredmethods="0"/>
        <line num="4" count="1" type="stmt"/>
        <line num="7" count="1" type="cond" truecount="1" falsecount="1"/>
        <line num="9" count="1" type="stmt"/>
        <line num="10" count="1" type="stmt"/>
        <line num="12" count="0" type="stmt"/>
        <line num="13" count="0" type="stmt"/>
      </file>
      <file name="remote.js" path="/Users/asimos/Desktop/Projects/ReactNativeTesting/src/api/remote.js">
        <metrics statements="0" coveredstatements="0" conditionals="0" coveredconditionals="0" methods="0" coveredmethods="0"/>
      </file>
    </package>
  </project>
</coverage>
