{"/Users/asimos/Desktop/Projects/ReactNativeTesting/formatAddress.js": {"path":"/Users/asimos/Desktop/Projects/ReactNativeTesting/formatAddress.js","statementMap":{"0":{"start":{"line":2,"column":25},"end":{"line":2,"column":27}},"1":{"start":{"line":4,"column":4},"end":{"line":4,"column":39}},"2":{"start":{"line":5,"column":4},"end":{"line":7,"column":5}},"3":{"start":{"line":6,"column":4},"end":{"line":6,"column":39}},"4":{"start":{"line":8,"column":4},"end":{"line":8,"column":74}},"5":{"start":{"line":10,"column":4},"end":{"line":10,"column":35}}},"fnMap":{"0":{"name":"formatAddress","decl":{"start":{"line":1,"column":9},"end":{"line":1,"column":22}},"loc":{"start":{"line":1,"column":32},"end":{"line":11,"column":1}},"line":1}},"branchMap":{"0":{"loc":{"start":{"line":5,"column":4},"end":{"line":7,"column":5}},"type":"if","locations":[{"start":{"line":5,"column":4},"end":{"line":7,"column":5}},{"start":{},"end":{}}],"line":5}},"s":{"0":1,"1":1,"2":1,"3":1,"4":1,"5":1},"f":{"0":1},"b":{"0":[1,0]},"_coverageSchema":"1a1c01bbd47fc00a2c39e90264f33305004495a9","hash":"ead6924608a726b8f11ed4dd66c958250b6b809e"}
,"/Users/asimos/Desktop/Projects/ReactNativeTesting/src/Hello.js": {"path":"/Users/asimos/Desktop/Projects/ReactNativeTesting/src/Hello.js","statementMap":{"0":{"start":{"line":4,"column":14},"end":{"line":4,"column":74}},"1":{"start":{"line":4,"column":28},"end":{"line":4,"column":74}}},"fnMap":{"0":{"name":"(anonymous_0)","decl":{"start":{"line":4,"column":14},"end":{"line":4,"column":15}},"loc":{"start":{"line":4,"column":28},"end":{"line":4,"column":74}},"line":4}},"branchMap":{},"s":{"0":1,"1":1},"f":{"0":1},"b":{},"_coverageSchema":"1a1c01bbd47fc00a2c39e90264f33305004495a9","hash":"70dcbc0d13b9901b1ec43c6d5898200c45fd0563"}
,"/Users/asimos/Desktop/Projects/ReactNativeTesting/src/NewMessageForm.js": {"path":"/Users/asimos/Desktop/Projects/ReactNativeTesting/src/NewMessageForm.js","statementMap":{"0":{"start":{"line":4,"column":23},"end":{"line":24,"column":1}},"1":{"start":{"line":5,"column":36},"end":{"line":5,"column":48}},"2":{"start":{"line":7,"column":21},"end":{"line":12,"column":3}},"3":{"start":{"line":8,"column":4},"end":{"line":10,"column":5}},"4":{"start":{"line":9,"column":6},"end":{"line":9,"column":24}},"5":{"start":{"line":11,"column":4},"end":{"line":11,"column":21}},"6":{"start":{"line":14,"column":2},"end":{"line":23,"column":4}}},"fnMap":{"0":{"name":"(anonymous_0)","decl":{"start":{"line":4,"column":23},"end":{"line":4,"column":24}},"loc":{"start":{"line":4,"column":37},"end":{"line":24,"column":1}},"line":4},"1":{"name":"(anonymous_1)","decl":{"start":{"line":7,"column":21},"end":{"line":7,"column":22}},"loc":{"start":{"line":7,"column":27},"end":{"line":12,"column":3}},"line":7}},"branchMap":{"0":{"loc":{"start":{"line":8,"column":4},"end":{"line":10,"column":5}},"type":"if","locations":[{"start":{"line":8,"column":4},"end":{"line":10,"column":5}},{"start":{},"end":{}}],"line":8}},"s":{"0":1,"1":6,"2":6,"3":2,"4":2,"5":2,"6":6},"f":{"0":6,"1":2},"b":{"0":[2,0]},"_coverageSchema":"1a1c01bbd47fc00a2c39e90264f33305004495a9","hash":"71df84df186ac0f418a990abb0a17f3021b001a5"}
,"/Users/asimos/Desktop/Projects/ReactNativeTesting/src/PostsContainer.js": {"path":"/Users/asimos/Desktop/Projects/ReactNativeTesting/src/PostsContainer.js","statementMap":{"0":{"start":{"line":5,"column":23},"end":{"line":24,"column":1}},"1":{"start":{"line":6,"column":28},"end":{"line":6,"column":40}},"2":{"start":{"line":8,"column":2},"end":{"line":15,"column":9}},"3":{"start":{"line":9,"column":4},"end":{"line":14,"column":40}},"4":{"start":{"line":12,"column":8},"end":{"line":12,"column":27}},"5":{"start":{"line":14,"column":22},"end":{"line":14,"column":38}},"6":{"start":{"line":17,"column":2},"end":{"line":23,"column":4}},"7":{"start":{"line":20,"column":8},"end":{"line":20,"column":47}}},"fnMap":{"0":{"name":"(anonymous_0)","decl":{"start":{"line":5,"column":23},"end":{"line":5,"column":24}},"loc":{"start":{"line":5,"column":29},"end":{"line":24,"column":1}},"line":5},"1":{"name":"(anonymous_1)","decl":{"start":{"line":8,"column":12},"end":{"line":8,"column":13}},"loc":{"start":{"line":8,"column":18},"end":{"line":15,"column":3}},"line":8},"2":{"name":"(anonymous_2)","decl":{"start":{"line":11,"column":12},"end":{"line":11,"column":13}},"loc":{"start":{"line":11,"column":26},"end":{"line":13,"column":7}},"line":11},"3":{"name":"(anonymous_3)","decl":{"start":{"line":14,"column":13},"end":{"line":14,"column":14}},"loc":{"start":{"line":14,"column":22},"end":{"line":14,"column":38}},"line":14},"4":{"name":"(anonymous_4)","decl":{"start":{"line":19,"column":17},"end":{"line":19,"column":18}},"loc":{"start":{"line":20,"column":8},"end":{"line":20,"column":47}},"line":20}},"branchMap":{},"s":{"0":1,"1":2,"2":2,"3":1,"4":1,"5":0,"6":2,"7":1},"f":{"0":2,"1":1,"2":1,"3":0,"4":1},"b":{},"_coverageSchema":"1a1c01bbd47fc00a2c39e90264f33305004495a9","hash":"c62d69abcba531c7cd9fd25854af4598a42d1609"}
,"/Users/asimos/Desktop/Projects/ReactNativeTesting/src/api/fake.js": {"path":"/Users/asimos/Desktop/Projects/ReactNativeTesting/src/api/fake.js","statementMap":{"0":{"start":{"line":1,"column":12},"end":{"line":9,"column":1}},"1":{"start":{"line":3,"column":8},"end":{"line":7,"column":11}}},"fnMap":{"0":{"name":"(anonymous_0)","decl":{"start":{"line":2,"column":4},"end":{"line":2,"column":5}},"loc":{"start":{"line":2,"column":10},"end":{"line":8,"column":5}},"line":2}},"branchMap":{},"s":{"0":1,"1":0},"f":{"0":0},"b":{},"_coverageSchema":"1a1c01bbd47fc00a2c39e90264f33305004495a9","hash":"7aa09ced19655964050774b2c20ef3542c4e9c93"}
,"/Users/asimos/Desktop/Projects/ReactNativeTesting/src/api/index.js": {"path":"/Users/asimos/Desktop/Projects/ReactNativeTesting/src/api/index.js","statementMap":{"0":{"start":{"line":4,"column":18},"end":{"line":4,"column":43}},"1":{"start":{"line":7,"column":0},"end":{"line":14,"column":1}},"2":{"start":{"line":9,"column":4},"end":{"line":9,"column":17}},"3":{"start":{"line":10,"column":4},"end":{"line":10,"column":10}},"4":{"start":{"line":12,"column":4},"end":{"line":12,"column":15}},"5":{"start":{"line":13,"column":4},"end":{"line":13,"column":10}}},"fnMap":{},"branchMap":{"0":{"loc":{"start":{"line":7,"column":0},"end":{"line":14,"column":1}},"type":"switch","locations":[{"start":{"line":8,"column":2},"end":{"line":10,"column":10}},{"start":{"line":11,"column":2},"end":{"line":13,"column":10}}],"line":7}},"s":{"0":1,"1":1,"2":1,"3":1,"4":0,"5":0},"f":{},"b":{"0":[1,0]},"_coverageSchema":"1a1c01bbd47fc00a2c39e90264f33305004495a9","hash":"c8430f620b4d054bc404f375cb383801f32eecef"}
,"/Users/asimos/Desktop/Projects/ReactNativeTesting/src/api/remote.js": {"path":"/Users/asimos/Desktop/Projects/ReactNativeTesting/src/api/remote.js","statementMap":{},"fnMap":{},"branchMap":{},"s":{},"f":{},"b":{},"_coverageSchema":"1a1c01bbd47fc00a2c39e90264f33305004495a9","hash":"14031430337246259c217cd0425513dd39091713"}
}
