TN:
SF:formatAddress.js
FN:1,formatAddress
FNF:1
FNH:1
FNDA:1,formatAddress
DA:2,1
DA:4,1
DA:5,1
DA:6,1
DA:8,1
DA:10,1
LF:6
LH:6
BRDA:5,0,0,1
BRDA:5,0,1,0
BRF:2
BRH:1
end_of_record
TN:
SF:src/Hello.js
FN:4,(anonymous_0)
FNF:1
FNH:1
FNDA:1,(anonymous_0)
DA:4,1
LF:1
LH:1
BRF:0
BRH:0
end_of_record
TN:
SF:src/NewMessageForm.js
FN:4,(anonymous_0)
FN:7,(anonymous_1)
FNF:2
FNH:2
FNDA:6,(anonymous_0)
FNDA:2,(anonymous_1)
DA:4,1
DA:5,6
DA:7,6
DA:8,2
DA:9,2
DA:11,2
DA:14,6
LF:7
LH:7
BRDA:8,0,0,2
BRDA:8,0,1,0
BRF:2
BRH:1
end_of_record
TN:
SF:src/PostsContainer.js
FN:5,(anonymous_0)
FN:8,(anonymous_1)
FN:11,(anonymous_2)
FN:14,(anonymous_3)
FN:19,(anonymous_4)
FNF:5
FNH:4
FNDA:2,(anonymous_0)
FNDA:1,(anonymous_1)
FNDA:1,(anonymous_2)
FNDA:0,(anonymous_3)
FNDA:1,(anonymous_4)
DA:5,1
DA:6,2
DA:8,2
DA:9,1
DA:12,1
DA:14,0
DA:17,2
DA:20,1
LF:8
LH:7
BRF:0
BRH:0
end_of_record
TN:
SF:src/api/fake.js
FN:2,(anonymous_0)
FNF:1
FNH:0
FNDA:0,(anonymous_0)
DA:1,1
DA:3,0
LF:2
LH:1
BRF:0
BRH:0
end_of_record
TN:
SF:src/api/index.js
FNF:0
FNH:0
DA:4,1
DA:7,1
DA:9,1
DA:10,1
DA:12,0
DA:13,0
LF:6
LH:4
BRDA:7,0,0,1
BRDA:7,0,1,0
BRF:2
BRH:1
end_of_record
TN:
SF:src/api/remote.js
FNF:0
FNH:0
LF:0
LH:0
BRF:0
BRH:0
end_of_record
